<?xml version="1.0" encoding="UTF-8"?>
<!-- Generated by org.testng.reporters.JUnitReportReporter -->
<testsuite skipped="0" hostname="Biplab" name="com.tests.SeleniumTest" tests="2" failures="0" timestamp="14 Mar 2020 23:51:07 GMT" time="52.708" errors="0">
  <testcase name="performRegistration123" time="32.026" classname="com.tests.SeleniumTest"/>
  <testcase name="performLogin" time="20.682" classname="com.tests.SeleniumTest"/>
</testsuite> <!-- com.tests.SeleniumTest -->
