<?xml version="1.0" encoding="UTF-8"?>
<!-- Generated by org.testng.reporters.JUnitReportReporter -->
<testsuite skipped="0" hostname="Biplab" name="testng.demo.TestNgTest" tests="2" failures="0" timestamp="22 Mar 2020 02:42:40 GMT" time="48.268" errors="0">
  <testcase name="DragAndDropActions" time="8.226" classname="testng.demo.TestNgTest"/>
  <testcase name="test1" time="40.042" classname="testng.demo.TestNgTest"/>
</testsuite> <!-- testng.demo.TestNgTest -->
